<?xml version="1.0" encoding="UTF-8"?>
<!-- Generated by org.testng.reporters.JUnitReportReporter -->
<testsuite hostname="5CD2188LZT" failures="0" tests="8" name="org.automation.qa.LoginTest" time="32.787" errors="0" timestamp="2026-01-28T18:59:52 IST" skipped="0">
  <testcase classname="org.automation.qa.LoginTest" name="EDT005_LongCharacter" time="3.842"/>
  <testcase classname="org.automation.qa.LoginTest" name="ST_HTTPSEnforcement" time="4.387"/>
  <testcase classname="org.automation.qa.LoginTest" name="FT002_Invalid_Credentials" time="4.152"/>
  <testcase classname="org.automation.qa.LoginTest" name="ST_CSS_XSScripting" time="4.857"/>
  <testcase classname="org.automation.qa.LoginTest" name="EDT003_BlankFeilds" time="3.965"/>
  <testcase classname="org.automation.qa.LoginTest" name="EDT004_SpecialCharacter" time="3.745"/>
  <testcase classname="org.automation.qa.LoginTest" name="FT001_Valid_Credentials" time="3.713"/>
  <testcase classname="org.automation.qa.LoginTest" name="ST_SQLInjection" time="4.126"/>
</testsuite> <!-- org.automation.qa.LoginTest -->
