<?xml version="1.0" encoding="UTF-8"?>
<!-- Generated by org.testng.reporters.JUnitReportReporter -->
<testsuite hostname="5CD2188LZT" failures="0" tests="8" name="org.automation.qa.LoginTest" time="54.547" errors="0" timestamp="2026-01-20T19:54:57 IST" skipped="0">
  <testcase classname="org.automation.qa.LoginTest" name="FT001_Valid_Credentials" time="4.963"/>
  <testcase classname="org.automation.qa.LoginTest" name="EDT005_LongCharacter" time="9.761"/>
  <testcase classname="org.automation.qa.LoginTest" name="FT002_Invalid_Credentials" time="5.944"/>
  <testcase classname="org.automation.qa.LoginTest" name="ST_CSS_XSScripting" time="5.289"/>
  <testcase classname="org.automation.qa.LoginTest" name="EDT003_BlankFeilds" time="5.350"/>
  <testcase classname="org.automation.qa.LoginTest" name="EDT004_SpecialCharacter" time="5.262"/>
  <testcase classname="org.automation.qa.LoginTest" name="ST_HTTPSEnforcement" time="12.093"/>
  <testcase classname="org.automation.qa.LoginTest" name="ST_SQLInjection" time="5.885"/>
</testsuite> <!-- org.automation.qa.LoginTest -->
