<?xml version="1.0" encoding="UTF-8"?>
<testng-results ignored="0" total="8" passed="8" failed="0" skipped="0">
  <reporter-output>
  </reporter-output>
  <suite started-at="2026-01-28T19:12:47 IST" name="Default suite" finished-at="2026-01-28T19:13:17 IST" duration-ms="30336">
    <groups>
    </groups>
    <test started-at="2026-01-28T19:12:47 IST" name="Default test" finished-at="2026-01-28T19:13:17 IST" duration-ms="30336">
      <class name="org.automation.qa.LoginTest">
        <test-method is-config="true" signature="suiteSetup()[pri:0, instance:org.automation.qa.LoginTest@2638011]" started-at="2026-01-28T19:12:46 IST" name="suiteSetup" finished-at="2026-01-28T19:12:47 IST" duration-ms="595" status="PASS">
          <reporter-output>
          </reporter-output>
        </test-method> <!-- suiteSetup -->
        <test-method is-config="true" signature="setup(java.lang.reflect.Method)[pri:0, instance:org.automation.qa.LoginTest@2638011]" started-at="2026-01-28T19:12:47 IST" name="setup" finished-at="2026-01-28T19:12:51 IST" duration-ms="4281" status="PASS">
          <params>
            <param index="0">
              <value>
                <![CDATA[public void org.automation.qa.LoginTest.EDT003_BlankFeilds()]]>
              </value>
            </param>
          </params>
          <reporter-output>
          </reporter-output>
        </test-method> <!-- setup -->
        <test-method signature="EDT003_BlankFeilds()[pri:0, instance:org.automation.qa.LoginTest@2638011]" started-at="2026-01-28T19:12:51 IST" name="EDT003_BlankFeilds" finished-at="2026-01-28T19:12:51 IST" duration-ms="368" status="PASS">
          <reporter-output>
          </reporter-output>
        </test-method> <!-- EDT003_BlankFeilds -->
        <test-method is-config="true" signature="tearDown()[pri:0, instance:org.automation.qa.LoginTest@2638011]" started-at="2026-01-28T19:12:51 IST" name="tearDown" finished-at="2026-01-28T19:12:52 IST" duration-ms="509" status="PASS">
          <reporter-output>
          </reporter-output>
        </test-method> <!-- tearDown -->
        <test-method is-config="true" signature="setup(java.lang.reflect.Method)[pri:0, instance:org.automation.qa.LoginTest@2638011]" started-at="2026-01-28T19:12:52 IST" name="setup" finished-at="2026-01-28T19:12:54 IST" duration-ms="2415" status="PASS">
          <params>
            <param index="0">
              <value>
                <![CDATA[public void org.automation.qa.LoginTest.EDT004_SpecialCharacter()]]>
              </value>
            </param>
          </params>
          <reporter-output>
          </reporter-output>
        </test-method> <!-- setup -->
        <test-method signature="EDT004_SpecialCharacter()[pri:0, instance:org.automation.qa.LoginTest@2638011]" started-at="2026-01-28T19:12:54 IST" name="EDT004_SpecialCharacter" finished-at="2026-01-28T19:12:55 IST" duration-ms="578" status="PASS">
          <reporter-output>
          </reporter-output>
        </test-method> <!-- EDT004_SpecialCharacter -->
        <test-method is-config="true" signature="tearDown()[pri:0, instance:org.automation.qa.LoginTest@2638011]" started-at="2026-01-28T19:12:55 IST" name="tearDown" finished-at="2026-01-28T19:12:55 IST" duration-ms="397" status="PASS">
          <reporter-output>
          </reporter-output>
        </test-method> <!-- tearDown -->
        <test-method is-config="true" signature="setup(java.lang.reflect.Method)[pri:0, instance:org.automation.qa.LoginTest@2638011]" started-at="2026-01-28T19:12:55 IST" name="setup" finished-at="2026-01-28T19:12:58 IST" duration-ms="2501" status="PASS">
          <params>
            <param index="0">
              <value>
                <![CDATA[public void org.automation.qa.LoginTest.EDT005_LongCharacter()]]>
              </value>
            </param>
          </params>
          <reporter-output>
          </reporter-output>
        </test-method> <!-- setup -->
        <test-method signature="EDT005_LongCharacter()[pri:0, instance:org.automation.qa.LoginTest@2638011]" started-at="2026-01-28T19:12:58 IST" name="EDT005_LongCharacter" finished-at="2026-01-28T19:12:58 IST" duration-ms="595" status="PASS">
          <reporter-output>
          </reporter-output>
        </test-method> <!-- EDT005_LongCharacter -->
        <test-method is-config="true" signature="tearDown()[pri:0, instance:org.automation.qa.LoginTest@2638011]" started-at="2026-01-28T19:12:58 IST" name="tearDown" finished-at="2026-01-28T19:12:59 IST" duration-ms="614" status="PASS">
          <reporter-output>
          </reporter-output>
        </test-method> <!-- tearDown -->
        <test-method is-config="true" signature="setup(java.lang.reflect.Method)[pri:0, instance:org.automation.qa.LoginTest@2638011]" started-at="2026-01-28T19:12:59 IST" name="setup" finished-at="2026-01-28T19:13:01 IST" duration-ms="2441" status="PASS">
          <params>
            <param index="0">
              <value>
                <![CDATA[public void org.automation.qa.LoginTest.FT001_Valid_Credentials()]]>
              </value>
            </param>
          </params>
          <reporter-output>
          </reporter-output>
        </test-method> <!-- setup -->
        <test-method signature="FT001_Valid_Credentials()[pri:0, instance:org.automation.qa.LoginTest@2638011]" started-at="2026-01-28T19:13:01 IST" name="FT001_Valid_Credentials" finished-at="2026-01-28T19:13:02 IST" duration-ms="648" status="PASS">
          <reporter-output>
          </reporter-output>
        </test-method> <!-- FT001_Valid_Credentials -->
        <test-method is-config="true" signature="tearDown()[pri:0, instance:org.automation.qa.LoginTest@2638011]" started-at="2026-01-28T19:13:02 IST" name="tearDown" finished-at="2026-01-28T19:13:02 IST" duration-ms="362" status="PASS">
          <reporter-output>
          </reporter-output>
        </test-method> <!-- tearDown -->
        <test-method is-config="true" signature="setup(java.lang.reflect.Method)[pri:0, instance:org.automation.qa.LoginTest@2638011]" started-at="2026-01-28T19:13:02 IST" name="setup" finished-at="2026-01-28T19:13:05 IST" duration-ms="2520" status="PASS">
          <params>
            <param index="0">
              <value>
                <![CDATA[public void org.automation.qa.LoginTest.FT002_Invalid_Credentials()]]>
              </value>
            </param>
          </params>
          <reporter-output>
          </reporter-output>
        </test-method> <!-- setup -->
        <test-method signature="FT002_Invalid_Credentials()[pri:0, instance:org.automation.qa.LoginTest@2638011]" started-at="2026-01-28T19:13:05 IST" name="FT002_Invalid_Credentials" finished-at="2026-01-28T19:13:06 IST" duration-ms="530" status="PASS">
          <reporter-output>
          </reporter-output>
        </test-method> <!-- FT002_Invalid_Credentials -->
        <test-method is-config="true" signature="tearDown()[pri:0, instance:org.automation.qa.LoginTest@2638011]" started-at="2026-01-28T19:13:06 IST" name="tearDown" finished-at="2026-01-28T19:13:06 IST" duration-ms="444" status="PASS">
          <reporter-output>
          </reporter-output>
        </test-method> <!-- tearDown -->
        <test-method is-config="true" signature="setup(java.lang.reflect.Method)[pri:0, instance:org.automation.qa.LoginTest@2638011]" started-at="2026-01-28T19:13:06 IST" name="setup" finished-at="2026-01-28T19:13:09 IST" duration-ms="3023" status="PASS">
          <params>
            <param index="0">
              <value>
                <![CDATA[public void org.automation.qa.LoginTest.ST_CSS_XSScripting()]]>
              </value>
            </param>
          </params>
          <reporter-output>
          </reporter-output>
        </test-method> <!-- setup -->
        <test-method signature="ST_CSS_XSScripting()[pri:0, instance:org.automation.qa.LoginTest@2638011]" started-at="2026-01-28T19:13:09 IST" name="ST_CSS_XSScripting" finished-at="2026-01-28T19:13:10 IST" duration-ms="714" status="PASS">
          <reporter-output>
          </reporter-output>
        </test-method> <!-- ST_CSS_XSScripting -->
        <test-method is-config="true" signature="tearDown()[pri:0, instance:org.automation.qa.LoginTest@2638011]" started-at="2026-01-28T19:13:10 IST" name="tearDown" finished-at="2026-01-28T19:13:10 IST" duration-ms="399" status="PASS">
          <reporter-output>
          </reporter-output>
        </test-method> <!-- tearDown -->
        <test-method is-config="true" signature="setup(java.lang.reflect.Method)[pri:0, instance:org.automation.qa.LoginTest@2638011]" started-at="2026-01-28T19:13:10 IST" name="setup" finished-at="2026-01-28T19:13:13 IST" duration-ms="2703" status="PASS">
          <params>
            <param index="0">
              <value>
                <![CDATA[public void org.automation.qa.LoginTest.ST_HTTPSEnforcement()]]>
              </value>
            </param>
          </params>
          <reporter-output>
          </reporter-output>
        </test-method> <!-- setup -->
        <test-method signature="ST_HTTPSEnforcement()[pri:0, instance:org.automation.qa.LoginTest@2638011]" started-at="2026-01-28T19:13:13 IST" name="ST_HTTPSEnforcement" finished-at="2026-01-28T19:13:13 IST" duration-ms="184" status="PASS">
          <reporter-output>
          </reporter-output>
        </test-method> <!-- ST_HTTPSEnforcement -->
        <test-method is-config="true" signature="tearDown()[pri:0, instance:org.automation.qa.LoginTest@2638011]" started-at="2026-01-28T19:13:13 IST" name="tearDown" finished-at="2026-01-28T19:13:13 IST" duration-ms="454" status="PASS">
          <reporter-output>
          </reporter-output>
        </test-method> <!-- tearDown -->
        <test-method is-config="true" signature="setup(java.lang.reflect.Method)[pri:0, instance:org.automation.qa.LoginTest@2638011]" started-at="2026-01-28T19:13:13 IST" name="setup" finished-at="2026-01-28T19:13:16 IST" duration-ms="2489" status="PASS">
          <params>
            <param index="0">
              <value>
                <![CDATA[public void org.automation.qa.LoginTest.ST_SQLInjection()]]>
              </value>
            </param>
          </params>
          <reporter-output>
          </reporter-output>
        </test-method> <!-- setup -->
        <test-method signature="ST_SQLInjection()[pri:0, instance:org.automation.qa.LoginTest@2638011]" started-at="2026-01-28T19:13:16 IST" name="ST_SQLInjection" finished-at="2026-01-28T19:13:16 IST" duration-ms="574" status="PASS">
          <reporter-output>
          </reporter-output>
        </test-method> <!-- ST_SQLInjection -->
        <test-method is-config="true" signature="tearDown()[pri:0, instance:org.automation.qa.LoginTest@2638011]" started-at="2026-01-28T19:13:17 IST" name="tearDown" finished-at="2026-01-28T19:13:17 IST" duration-ms="485" status="PASS">
          <reporter-output>
          </reporter-output>
        </test-method> <!-- tearDown -->
        <test-method is-config="true" signature="afterSuite()[pri:0, instance:org.automation.qa.LoginTest@2638011]" started-at="2026-01-28T19:13:17 IST" name="afterSuite" finished-at="2026-01-28T19:13:18 IST" duration-ms="1058" status="PASS">
          <reporter-output>
          </reporter-output>
        </test-method> <!-- afterSuite -->
      </class> <!-- org.automation.qa.LoginTest -->
    </test> <!-- Default test -->
  </suite> <!-- Default suite -->
</testng-results>
