<?xml version="1.0" encoding="UTF-8"?>
<!-- Generated by org.testng.reporters.JUnitXMLReporter -->
<testsuite ignored="7" hostname="5CD2188LZT" failures="1" tests="1" name="Default test" time="6.079" errors="0" timestamp="2025-08-08T16:06:55 IST">
  <testcase classname="org.automation.qa.LoginTest" name="ST_HTTPSEnforcement" time="1.142">
    <failure type="java.lang.AssertionError" message="expected [https] but found [true]">
      <![CDATA[java.lang.AssertionError: expected [https] but found [true]
at org.testng.Assert.fail(Assert.java:111)
at org.testng.Assert.failNotEquals(Assert.java:1590)
at org.testng.Assert.assertEqualsImpl(Assert.java:150)
at org.testng.Assert.assertEquals(Assert.java:132)
at org.testng.Assert.assertEquals(Assert.java:644)
at org.automation.qa.LoginTest.ST_HTTPSEnforcement(LoginTest.java:148)
at java.base/jdk.internal.reflect.DirectMethodHandleAccessor.invoke(DirectMethodHandleAccessor.java:103)
at java.base/java.lang.reflect.Method.invoke(Method.java:580)
at org.testng.internal.invokers.MethodInvocationHelper.invokeMethod(MethodInvocationHelper.java:141)
at org.testng.internal.invokers.TestInvoker.invokeMethod(TestInvoker.java:687)
at org.testng.internal.invokers.TestInvoker.invokeTestMethod(TestInvoker.java:230)
at org.testng.internal.invokers.MethodRunner.runInSequence(MethodRunner.java:63)
at org.testng.internal.invokers.TestInvoker$MethodInvocationAgent.invoke(TestInvoker.java:995)
at org.testng.internal.invokers.TestInvoker.invokeTestMethods(TestInvoker.java:203)
at org.testng.internal.invokers.TestMethodWorker.invokeTestMethods(TestMethodWorker.java:154)
at org.testng.internal.invokers.TestMethodWorker.run(TestMethodWorker.java:134)
at java.base/java.util.ArrayList.forEach(ArrayList.java:1597)
at org.testng.TestRunner.privateRun(TestRunner.java:741)
at org.testng.TestRunner.run(TestRunner.java:616)
at org.testng.SuiteRunner.runTest(SuiteRunner.java:421)
at org.testng.SuiteRunner.runSequentially(SuiteRunner.java:413)
at org.testng.SuiteRunner.privateRun(SuiteRunner.java:373)
at org.testng.SuiteRunner.run(SuiteRunner.java:312)
at org.testng.SuiteRunnerWorker.runSuite(SuiteRunnerWorker.java:52)
at org.testng.SuiteRunnerWorker.run(SuiteRunnerWorker.java:95)
at org.testng.TestNG.runSuitesSequentially(TestNG.java:1274)
at org.testng.TestNG.runSuitesLocally(TestNG.java:1208)
at org.testng.TestNG.runSuites(TestNG.java:1112)
at org.testng.TestNG.run(TestNG.java:1079)
at org.testng.remote.AbstractRemoteTestNG.run(AbstractRemoteTestNG.java:115)
at org.testng.remote.RemoteTestNG.initAndRun(RemoteTestNG.java:293)
at org.testng.remote.RemoteTestNG.main(RemoteTestNG.java:91)
]]>
    </failure>
  </testcase> <!-- ST_HTTPSEnforcement -->
  <testcase classname="org.automation.qa.LoginTest" name="FT002_Invalid_Credentials" time="0.0">
    <ignored/>
  </testcase> <!-- FT002_Invalid_Credentials -->
  <testcase classname="org.automation.qa.LoginTest" name="EDT004_SpecialCharacter" time="0.0">
    <ignored/>
  </testcase> <!-- EDT004_SpecialCharacter -->
  <testcase classname="org.automation.qa.LoginTest" name="FT001_Valid_Credentials" time="0.0">
    <ignored/>
  </testcase> <!-- FT001_Valid_Credentials -->
  <testcase classname="org.automation.qa.LoginTest" name="EDT003_BlankFeilds" time="0.0">
    <ignored/>
  </testcase> <!-- EDT003_BlankFeilds -->
  <testcase classname="org.automation.qa.LoginTest" name="ST_SQLInjection" time="0.0">
    <ignored/>
  </testcase> <!-- ST_SQLInjection -->
  <testcase classname="org.automation.qa.LoginTest" name="EDT005_LongCharacter" time="0.0">
    <ignored/>
  </testcase> <!-- EDT005_LongCharacter -->
  <testcase classname="org.automation.qa.LoginTest" name="ST_CSS_XSScripting" time="0.0">
    <ignored/>
  </testcase> <!-- ST_CSS_XSScripting -->
</testsuite> <!-- Default test -->
