<?xml version="1.0" encoding="UTF-8"?>
<!-- Generated by org.testng.reporters.JUnitXMLReporter -->
<testsuite ignored="0" hostname="5CD2188LZT" failures="0" tests="8" name="Default test" time="30.336" errors="0" timestamp="2026-01-28T19:13:17 IST">
  <testcase classname="org.automation.qa.LoginTest" name="EDT003_BlankFeilds" time="0.368"/>
  <testcase classname="org.automation.qa.LoginTest" name="EDT004_SpecialCharacter" time="0.578"/>
  <testcase classname="org.automation.qa.LoginTest" name="EDT005_LongCharacter" time="0.595"/>
  <testcase classname="org.automation.qa.LoginTest" name="FT001_Valid_Credentials" time="0.648"/>
  <testcase classname="org.automation.qa.LoginTest" name="FT002_Invalid_Credentials" time="0.53"/>
  <testcase classname="org.automation.qa.LoginTest" name="ST_CSS_XSScripting" time="0.714"/>
  <testcase classname="org.automation.qa.LoginTest" name="ST_HTTPSEnforcement" time="0.184"/>
  <testcase classname="org.automation.qa.LoginTest" name="ST_SQLInjection" time="0.574"/>
</testsuite> <!-- Default test -->
