<?xml version="1.0" encoding="UTF-8"?>
<!-- Generated by org.testng.reporters.JUnitXMLReporter -->
<testsuite ignored="0" hostname="5CD2188LZT" failures="0" tests="8" name="Test" time="54.671" errors="0" timestamp="2026-01-20T19:54:54 IST">
  <testcase classname="org.automation.qa.LoginTest" name="EDT003_BlankFeilds" time="0.696"/>
  <testcase classname="org.automation.qa.LoginTest" name="EDT004_SpecialCharacter" time="0.748"/>
  <testcase classname="org.automation.qa.LoginTest" name="EDT005_LongCharacter" time="2.044"/>
  <testcase classname="org.automation.qa.LoginTest" name="FT001_Valid_Credentials" time="1.071"/>
  <testcase classname="org.automation.qa.LoginTest" name="FT002_Invalid_Credentials" time="0.791"/>
  <testcase classname="org.automation.qa.LoginTest" name="ST_CSS_XSScripting" time="1.64"/>
  <testcase classname="org.automation.qa.LoginTest" name="ST_HTTPSEnforcement" time="0.946"/>
  <testcase classname="org.automation.qa.LoginTest" name="ST_SQLInjection" time="0.963"/>
</testsuite> <!-- Test -->
